  main.cpp
C:\JeuDechec\Jeu-D-Echec\chess\main.cpp(48,37): warning C4305: 'initialisation' : troncation de 'double' à 'GLfloat'
C:\JeuDechec\Jeu-D-Echec\chess\main.cpp(59,46): warning C4305: 'initialisation' : troncation de 'double' à 'GLfloat'
C:\JeuDechec\Jeu-D-Echec\chess\main.cpp(60,45): warning C4305: 'initialisation' : troncation de 'double' à 'GLfloat'
C:\JeuDechec\Jeu-D-Echec\chess\main.cpp(156,34): warning C4305: 'argument' : troncation de 'double' à 'GLfloat'
C:\JeuDechec\Jeu-D-Echec\chess\main.cpp(168,13): warning C4244: 'initialisation' : conversion de 'double' en 'float', perte possible de données
C:\JeuDechec\Jeu-D-Echec\chess\main.cpp(168,36): warning C4244: 'initialisation' : conversion de 'double' en 'float', perte possible de données
C:\JeuDechec\Jeu-D-Echec\chess\main.cpp(204,39): warning C4305: 'argument' : troncation de 'double' à 'GLfloat'
C:\JeuDechec\Jeu-D-Echec\chess\main.cpp(205,42): warning C4305: 'argument' : troncation de 'double' à 'GLfloat'
C:\JeuDechec\Jeu-D-Echec\chess\main.cpp(207,42): warning C4305: 'argument' : troncation de 'double' à 'GLfloat'
C:\JeuDechec\Jeu-D-Echec\chess\main.cpp(209,42): warning C4305: 'argument' : troncation de 'double' à 'GLfloat'
C:\JeuDechec\Jeu-D-Echec\chess\main.cpp(211,42): warning C4305: 'argument' : troncation de 'double' à 'GLfloat'
C:\JeuDechec\Jeu-D-Echec\chess\main.cpp(215,42): warning C4305: 'argument' : troncation de 'double' à 'GLfloat'
C:\JeuDechec\Jeu-D-Echec\chess\main.cpp(217,42): warning C4305: 'argument' : troncation de 'double' à 'GLfloat'
C:\JeuDechec\Jeu-D-Echec\chess\main.cpp(219,42): warning C4305: 'argument' : troncation de 'double' à 'GLfloat'
C:\JeuDechec\Jeu-D-Echec\chess\main.cpp(221,42): warning C4305: 'argument' : troncation de 'double' à 'GLfloat'
C:\JeuDechec\Jeu-D-Echec\chess\main.cpp(225,42): warning C4305: 'argument' : troncation de 'double' à 'GLfloat'
C:\JeuDechec\Jeu-D-Echec\chess\main.cpp(227,42): warning C4305: 'argument' : troncation de 'double' à 'GLfloat'
C:\JeuDechec\Jeu-D-Echec\chess\main.cpp(229,42): warning C4305: 'argument' : troncation de 'double' à 'GLfloat'
C:\JeuDechec\Jeu-D-Echec\chess\main.cpp(231,42): warning C4305: 'argument' : troncation de 'double' à 'GLfloat'
C:\JeuDechec\Jeu-D-Echec\chess\main.cpp(235,42): warning C4305: 'argument' : troncation de 'double' à 'GLfloat'
C:\JeuDechec\Jeu-D-Echec\chess\main.cpp(237,42): warning C4305: 'argument' : troncation de 'double' à 'GLfloat'
C:\JeuDechec\Jeu-D-Echec\chess\main.cpp(239,42): warning C4305: 'argument' : troncation de 'double' à 'GLfloat'
C:\JeuDechec\Jeu-D-Echec\chess\main.cpp(241,42): warning C4305: 'argument' : troncation de 'double' à 'GLfloat'
C:\JeuDechec\Jeu-D-Echec\chess\main.cpp(246,37): warning C4305: 'argument' : troncation de 'double' à 'GLfloat'
C:\JeuDechec\Jeu-D-Echec\chess\main.cpp(247,42): warning C4305: 'argument' : troncation de 'double' à 'GLfloat'
C:\JeuDechec\Jeu-D-Echec\chess\main.cpp(253,42): warning C4305: 'argument' : troncation de 'double' à 'GLfloat'
C:\JeuDechec\Jeu-D-Echec\chess\main.cpp(257,42): warning C4305: 'argument' : troncation de 'double' à 'GLfloat'
C:\JeuDechec\Jeu-D-Echec\chess\main.cpp(263,42): warning C4305: 'argument' : troncation de 'double' à 'GLfloat'
C:\JeuDechec\Jeu-D-Echec\chess\main.cpp(267,42): warning C4305: 'argument' : troncation de 'double' à 'GLfloat'
C:\JeuDechec\Jeu-D-Echec\chess\main.cpp(273,42): warning C4305: 'argument' : troncation de 'double' à 'GLfloat'
C:\JeuDechec\Jeu-D-Echec\chess\main.cpp(277,42): warning C4305: 'argument' : troncation de 'double' à 'GLfloat'
C:\JeuDechec\Jeu-D-Echec\chess\main.cpp(283,42): warning C4305: 'argument' : troncation de 'double' à 'GLfloat'
C:\JeuDechec\Jeu-D-Echec\chess\main.cpp(297,20): warning C4244: '=' : conversion de 'double' en 'float', perte possible de données
C:\JeuDechec\Jeu-D-Echec\chess\main.cpp(298,20): warning C4244: '=' : conversion de 'double' en 'float', perte possible de données
C:\JeuDechec\Jeu-D-Echec\chess\main.cpp(355,21): warning C4244: 'initialisation' : conversion de 'double' en 'float', perte possible de données
C:\JeuDechec\Jeu-D-Echec\chess\main.cpp(355,38): warning C4244: 'initialisation' : conversion de 'double' en 'float', perte possible de données
C:\JeuDechec\Jeu-D-Echec\chess\main.cpp(357,45): warning C4305: 'argument' : troncation de 'double' à 'GLfloat'
C:\JeuDechec\Jeu-D-Echec\chess\main.cpp(579,19): warning C4244: 'argument' : conversion de 'int' en 'GLfloat', perte possible de données
C:\JeuDechec\Jeu-D-Echec\chess\main.cpp(610,46): warning C4305: 'argument' : troncation de 'double' à 'GLfloat'
C:\JeuDechec\Jeu-D-Echec\chess\main.cpp(629,37): warning C4244: '=' : conversion de 'GLdouble' en 'GLfloat', perte possible de données
C:\JeuDechec\Jeu-D-Echec\chess\main.cpp(637,27): warning C4305: '+=' : troncation de 'double' à 'GLfloat'
C:\JeuDechec\Jeu-D-Echec\chess\main.cpp(640,27): warning C4305: '-=' : troncation de 'double' à 'GLfloat'
  chess.vcxproj -> C:\JeuDechec\Jeu-D-Echec\chess\Debug\chess.exe
