c:\jeudechec\jeu-d-echec\chess\chess\debug\vc143.pdb
c:\jeudechec\jeu-d-echec\chess\chess\debug\vc143.idb
c:\jeudechec\jeu-d-echec\chess\chess\debug\square.obj
c:\jeudechec\jeu-d-echec\chess\chess\debug\piece.obj
c:\jeudechec\jeu-d-echec\chess\chess\debug\move.obj
c:\jeudechec\jeu-d-echec\chess\chess\debug\gamestatus.obj
c:\jeudechec\jeu-d-echec\chess\chess\debug\gameplay.obj
c:\jeudechec\jeu-d-echec\chess\chess\debug\game.obj
c:\jeudechec\jeu-d-echec\chess\chess\debug\board.obj
c:\jeudechec\jeu-d-echec\chess\chess\debug\model.obj
c:\jeudechec\jeu-d-echec\chess\chess\debug\main.obj
c:\jeudechec\jeu-d-echec\chess\debug\chess.exe
c:\jeudechec\jeu-d-echec\chess\chess\debug\chess.ilk
c:\jeudechec\jeu-d-echec\chess\debug\chess.pdb
c:\jeudechec\jeu-d-echec\chess\chess\debug\chess.tlog\cl.command.1.tlog
c:\jeudechec\jeu-d-echec\chess\chess\debug\chess.tlog\cl.read.1.tlog
c:\jeudechec\jeu-d-echec\chess\chess\debug\chess.tlog\cl.write.1.tlog
c:\jeudechec\jeu-d-echec\chess\chess\debug\chess.tlog\link.command.1.tlog
c:\jeudechec\jeu-d-echec\chess\chess\debug\chess.tlog\link.read.1.tlog
c:\jeudechec\jeu-d-echec\chess\chess\debug\chess.tlog\link.write.1.tlog
